<?xml version="1.0" encoding="UTF-8"?>
<!-- Generated by org.testng.reporters.JUnitReportReporter -->
<testsuite hostname="DESKTOP-Q4GHTBC" failures="0" tests="1" name="mpack.Demo4" time="13.784" errors="0" timestamp="2025-04-07T16:17:11 GMT+08:00" skipped="0">
  <testcase classname="mpack.Demo4" name="main" time="13.784"/>
</testsuite> <!-- mpack.Demo4 -->
