<?xml version="1.0" encoding="UTF-8"?>
<!-- Generated by org.testng.reporters.JUnitReportReporter -->
<testsuite hostname="DESKTOP-Q4GHTBC" failures="0" tests="3" name="mpack.Demo2" time="0.033" errors="0" timestamp="2025-04-03T17:06:01 GMT+08:00" skipped="0">
  <testcase classname="mpack.Demo2" name="sampleAutomation" time="0.007"/>
  <testcase classname="mpack.Demo2" name="sampleAutomation" time="0.019"/>
  <testcase classname="mpack.Demo2" name="sampleAutomation" time="0.007"/>
</testsuite> <!-- mpack.Demo2 -->
